Using pre-set license
Built from '2020.3/release' branch; Version is '2020.3.2f1 (8fd9074bf66c) revision 9427207'; Using compiler version '192528614'; Build Type 'Release'
OS: 'Windows 10 Home Single Language; OS build 19041.1083; Version 2004; 64bit' Language: 'en' Physical Memory: 7599 MB
BatchMode: 1, IsHumanControllingUs: 0, StartBugReporterOnCrash: 0, Is64bit: 1, IsPro: 0

 COMMAND LINE ARGUMENTS:
D:\Unity Software\2020.3.2f1\Editor\Unity.exe
-adb2
-batchMode
-noUpm
-name
AssetImportWorker1
-projectPath
D:/Unity Projects/RTS Multiplayer Game
-logFile
Logs/AssetImportWorker1.log
-srvPort
51713
Successfully changed project path to: D:/Unity Projects/RTS Multiplayer Game
D:/Unity Projects/RTS Multiplayer Game
Using Asset Import Pipeline V2.
Refreshing native plugins compatible for Editor in 62.00 ms, found 0 plugins.
Preloading 0 native plugins for Editor in 0.00 ms.
Initialize engine version: 2020.3.2f1 (8fd9074bf66c)
[Subsystems] Discovering subsystems at path D:/Unity Software/2020.3.2f1/Editor/Data/Resources/UnitySubsystems
[Subsystems] Discovering subsystems at path D:/Unity Projects/RTS Multiplayer Game/Assets
GfxDevice: creating device client; threaded=0
Direct3D:
    Version:  Direct3D 11.0 [level 11.1]
    Renderer: NVIDIA GeForce GTX 1650 (ID=0x1f99)
    Vendor:   
    VRAM:     3962 MB
    Driver:   30.0.14.7111
Initialize mono
Mono path[0] = 'D:/Unity Software/2020.3.2f1/Editor/Data/Managed'
Mono path[1] = 'D:/Unity Software/2020.3.2f1/Editor/Data/MonoBleedingEdge/lib/mono/unityjit'
Mono config path = 'D:/Unity Software/2020.3.2f1/Editor/Data/MonoBleedingEdge/etc'
Using monoOptions --debugger-agent=transport=dt_socket,embedding=1,server=y,suspend=n,address=127.0.0.1:56200
Begin MonoManager ReloadAssembly
Registering precompiled unity dll's ...
Register platform support module: D:/Unity Software/2020.3.2f1/Editor/Data/PlaybackEngines/WindowsStandaloneSupport/UnityEditor.WindowsStandalone.Extensions.dll
Registered in 0.000929 seconds.
Native extension for WindowsStandalone target not found
Refreshing native plugins compatible for Editor in 60.76 ms, found 0 plugins.
Preloading 0 native plugins for Editor in 0.00 ms.
Invoked RoslynAnalysisRunner static constructor.
RoslynAnalysisRunner will not be running.
RoslynAnalysisRunner has terminated.
Mono: successfully reloaded assembly
- Completed reload, in  1.224 seconds
Platform modules already initialized, skipping
Registering precompiled user dll's ...
Registered in 0.001972 seconds.
Begin MonoManager ReloadAssembly
Native extension for WindowsStandalone target not found
Refreshing native plugins compatible for Editor in 62.05 ms, found 0 plugins.
Preloading 0 native plugins for Editor in 0.00 ms.
Invoked RoslynAnalysisRunner static constructor.
RoslynAnalysisRunner will not be running.
RoslynAnalysisRunner has terminated.
Find all reader and writers took 81 milliseconds
Script Module: UnityEngine.UI.dll
Weave behaviours and messages took59 milliseconds
Find all reader and writers took 63 milliseconds
Script Module: Unity.RenderPipelines.Core.Runtime.dll
Weave behaviours and messages took46 milliseconds
Find all reader and writers took 64 milliseconds
Script Module: UnityEngine.TestRunner.dll
Weave behaviours and messages took24 milliseconds
Find all reader and writers took 65 milliseconds
Script Module: Unity.Mathematics.dll
Weave behaviours and messages took128 milliseconds
Find all reader and writers took 68 milliseconds
Script Module: Unity.InputSystem.dll
Weave behaviours and messages took152 milliseconds
Find all reader and writers took 49 milliseconds
Script Module: SimpleWebTransport.dll
Weave behaviours and messages took4 milliseconds
Find all reader and writers took 82 milliseconds
Script Module: Unity.RenderPipelines.Universal.Runtime.dll
Weave behaviours and messages took47 milliseconds
Find all reader and writers took 74 milliseconds
Script Module: Unity.TextMeshPro.dll
Weave behaviours and messages took58 milliseconds
Find all reader and writers took 50 milliseconds
Script Module: Unity.ProBuilder.Poly2Tri.dll
Weave behaviours and messages took7 milliseconds
Find all reader and writers took 62 milliseconds
Script Module: Cinemachine.dll
Weave behaviours and messages took45 milliseconds
Find all reader and writers took 65 milliseconds
Script Module: Unity.Timeline.dll
Weave behaviours and messages took25 milliseconds
Find all reader and writers took 67 milliseconds
Script Module: Unity.ProBuilder.dll
Weave behaviours and messages took56 milliseconds
Find all reader and writers took 60 milliseconds
Script Module: Telepathy.dll
Weave behaviours and messages took1 milliseconds
Find all reader and writers took 65 milliseconds
Script Module: Unity.ProGrids.dll
Weave behaviours and messages took0 milliseconds
Find all reader and writers took 57 milliseconds
Script Module: Unity.ProBuilder.Csg.dll
Weave behaviours and messages took1 milliseconds
Find all reader and writers took 57 milliseconds
Script Module: kcp2k.dll
Weave behaviours and messages took4 milliseconds
Find all reader and writers took 57 milliseconds
Script Module: Unity.ProBuilder.KdTree.dll
Weave behaviours and messages took2 milliseconds
Find all reader and writers took 55 milliseconds
Script Module: Unity.RenderPipelines.Core.ShaderLibrary.dll
Weave behaviours and messages took0 milliseconds
Find all reader and writers took 57 milliseconds
Script Module: Unity.RenderPipeline.Universal.ShaderLibrary.dll
Weave behaviours and messages took0 milliseconds
Find all reader and writers took 57 milliseconds
Script Module: Unity.ProBuilder.Stl.dll
Weave behaviours and messages took3 milliseconds
Find all reader and writers took 57 milliseconds
Script Module: Unity.RenderPipelines.Universal.Shaders.dll
Weave behaviours and messages took0 milliseconds
Find all reader and writers took 60 milliseconds
Script Module: Unity.RenderPipelines.ShaderGraph.ShaderGraphLibrary.dll
Weave behaviours and messages took0 milliseconds
Find all reader and writers took 82 milliseconds
Script Module: com.unity.cinemachine.editor.dll
Weave behaviours and messages took28 milliseconds
Find all reader and writers took 83 milliseconds
Script Module: UnityEditor.TestRunner.dll
Weave behaviours and messages took35 milliseconds
Find all reader and writers took 77 milliseconds
Script Module: Unity.ProBuilder.AssetIdRemapUtility.dll
Weave behaviours and messages took2 milliseconds
Find all reader and writers took 56 milliseconds
Script Module: Mirror.CompilerSymbols.dll
Weave behaviours and messages took0 milliseconds
Find all reader and writers took 79 milliseconds
Script Module: UnityEditor.UI.dll
Weave behaviours and messages took10 milliseconds
Find all reader and writers took 59 milliseconds
Script Module: Unity.ShaderGraph.Utilities.dll
Weave behaviours and messages took0 milliseconds
Mono: successfully reloaded assembly
- Completed reload, in  7.486 seconds
Platform modules already initialized, skipping
========================================================================
Worker process is ready to serve import requests
Shader 'Universal Render Pipeline/Particles/Lit': fallback shader 'Universal Render Pipeline/Particles/SimpleLit' not found
Shader 'Universal Render Pipeline/Particles/Lit': fallback shader 'Universal Render Pipeline/Particles/SimpleLit' not found
Launched and connected shader compiler UnityShaderCompiler.exe after 0.24 seconds
Refreshing native plugins compatible for Editor in 0.73 ms, found 0 plugins.
Preloading 0 native plugins for Editor in 0.00 ms.
Unloading 3541 Unused Serialized files (Serialized files now loaded: 0)
System memory in use before: 157.4 MB.
System memory in use after: 154.5 MB.

Unloading 173 unused Assets to reduce memory usage. Loaded Objects now: 3935.
Total: 6.967900 ms (FindLiveObjects: 0.488300 ms CreateObjectMapping: 0.139800 ms MarkObjects: 4.173000 ms  DeleteObjects: 2.164300 ms)

========================================================================
Received Import Request.
  path: Assets/Scripts/UI/GameOverDisplay.cs
  artifactKey: Guid(5fe0b822fda8fe34a96be2a27488ef0e) Importer(815301076,1909f56bfc062723c751e8b465ee728b)
Start importing Assets/Scripts/UI/GameOverDisplay.cs using Guid(5fe0b822fda8fe34a96be2a27488ef0e) Importer(815301076,1909f56bfc062723c751e8b465ee728b)  -> (artifact id: '31403baecae5a71188059d4b1ab7ce3d') in 0.088984 seconds
  Import took 0.177386 seconds .

========================================================================
Received Prepare
Registering precompiled user dll's ...
Registered in 0.002032 seconds.
Begin MonoManager ReloadAssembly
Native extension for WindowsStandalone target not found
Refreshing native plugins compatible for Editor in 0.61 ms, found 0 plugins.
Preloading 0 native plugins for Editor in 0.00 ms.
Warning: Annotation not found!
UnityEngine.StackTraceUtility:ExtractStackTrace ()
UnityEditor.ProBuilder.EditorUtility:SetGizmoIconEnabled (System.Type,bool) (at Library/PackageCache/com.unity.probuilder@4.5.0/Editor/EditorCore/EditorUtility.cs:593)
UnityEditor.ProBuilder.HierarchyListener:.cctor () (at Library/PackageCache/com.unity.probuilder@4.5.0/Editor/EditorCore/HierarchyListener.cs:21)
System.Runtime.CompilerServices.RuntimeHelpers:RunClassConstructor (System.RuntimeTypeHandle)
UnityEditor.EditorAssemblies:ProcessInitializeOnLoadAttributes (System.Type[])

[Library/PackageCache/com.unity.probuilder@4.5.0/Editor/EditorCore/EditorUtility.cs line 593]

Invoked RoslynAnalysisRunner static constructor.
RoslynAnalysisRunner will not be running.
RoslynAnalysisRunner has terminated.
Mono: successfully reloaded assembly
- Completed reload, in  1.003 seconds
Platform modules already initialized, skipping
Shader 'Universal Render Pipeline/Particles/Lit': fallback shader 'Universal Render Pipeline/Particles/SimpleLit' not found
Shader 'Universal Render Pipeline/Particles/Lit': fallback shader 'Universal Render Pipeline/Particles/SimpleLit' not found
Refreshing native plugins compatible for Editor in 0.60 ms, found 0 plugins.
Preloading 0 native plugins for Editor in 0.00 ms.
Unloading 3430 Unused Serialized files (Serialized files now loaded: 0)
System memory in use before: 151.1 MB.
System memory in use after: 148.4 MB.

Unloading 51 unused Assets to reduce memory usage. Loaded Objects now: 3938.
Total: 5.277600 ms (FindLiveObjects: 0.703600 ms CreateObjectMapping: 0.104900 ms MarkObjects: 3.017300 ms  DeleteObjects: 1.446700 ms)

========================================================================
Received Import Request.
  Time since last request: 887.220051 seconds.
  path: Assets/Scripts/UI/GameOverDisplay.cs
  artifactKey: Guid(5fe0b822fda8fe34a96be2a27488ef0e) Importer(815301076,1909f56bfc062723c751e8b465ee728b)
Start importing Assets/Scripts/UI/GameOverDisplay.cs using Guid(5fe0b822fda8fe34a96be2a27488ef0e) Importer(815301076,1909f56bfc062723c751e8b465ee728b)  -> (artifact id: '617a4690ae98ce54b1ebd310f226de94') in 0.007000 seconds
  Import took 0.068812 seconds .

========================================================================
Received Import Request.
  Time since last request: 272.758938 seconds.
  path: Assets/Resources/Prefabs/GameOverDisplay.prefab
  artifactKey: Guid(7b79d09cb3aaebe47922d89e6b1188bc) Importer(815301076,1909f56bfc062723c751e8b465ee728b)
Start importing Assets/Resources/Prefabs/GameOverDisplay.prefab using Guid(7b79d09cb3aaebe47922d89e6b1188bc) Importer(815301076,1909f56bfc062723c751e8b465ee728b)  -> (artifact id: '3d36223a36e59b5b2202c170da034557') in 0.017991 seconds
  Import took 0.047534 seconds .

========================================================================
Received Prepare
Registering precompiled user dll's ...
Registered in 0.002095 seconds.
Begin MonoManager ReloadAssembly
Native extension for WindowsStandalone target not found
Refreshing native plugins compatible for Editor in 0.59 ms, found 0 plugins.
Preloading 0 native plugins for Editor in 0.00 ms.
Warning: Annotation not found!
UnityEngine.StackTraceUtility:ExtractStackTrace ()
UnityEditor.ProBuilder.EditorUtility:SetGizmoIconEnabled (System.Type,bool) (at Library/PackageCache/com.unity.probuilder@4.5.0/Editor/EditorCore/EditorUtility.cs:593)
UnityEditor.ProBuilder.HierarchyListener:.cctor () (at Library/PackageCache/com.unity.probuilder@4.5.0/Editor/EditorCore/HierarchyListener.cs:21)
System.Runtime.CompilerServices.RuntimeHelpers:RunClassConstructor (System.RuntimeTypeHandle)
UnityEditor.EditorAssemblies:ProcessInitializeOnLoadAttributes (System.Type[])

[Library/PackageCache/com.unity.probuilder@4.5.0/Editor/EditorCore/EditorUtility.cs line 593]

Invoked RoslynAnalysisRunner static constructor.
RoslynAnalysisRunner will not be running.
RoslynAnalysisRunner has terminated.
Mono: successfully reloaded assembly
- Completed reload, in  0.929 seconds
Platform modules already initialized, skipping
Shader 'Universal Render Pipeline/Particles/Lit': fallback shader 'Universal Render Pipeline/Particles/SimpleLit' not found
Shader 'Universal Render Pipeline/Particles/Lit': fallback shader 'Universal Render Pipeline/Particles/SimpleLit' not found
Refreshing native plugins compatible for Editor in 0.65 ms, found 0 plugins.
Preloading 0 native plugins for Editor in 0.00 ms.
Unloading 3443 Unused Serialized files (Serialized files now loaded: 0)
System memory in use before: 153.4 MB.
System memory in use after: 150.0 MB.

Unloading 64 unused Assets to reduce memory usage. Loaded Objects now: 3941.
Total: 5.503000 ms (FindLiveObjects: 0.566800 ms CreateObjectMapping: 0.197500 ms MarkObjects: 2.914500 ms  DeleteObjects: 1.821900 ms)

========================================================================
Received Import Request.
  Time since last request: 594.402573 seconds.
  path: Assets/Resources/Prefabs/GameOverDisplay.prefab
  artifactKey: Guid(7b79d09cb3aaebe47922d89e6b1188bc) Importer(815301076,1909f56bfc062723c751e8b465ee728b)
Start importing Assets/Resources/Prefabs/GameOverDisplay.prefab using Guid(7b79d09cb3aaebe47922d89e6b1188bc) Importer(815301076,1909f56bfc062723c751e8b465ee728b)  -> (artifact id: 'aa32f082aa3792d69c20dae4cdba3548') in 0.073822 seconds
  Import took 0.109165 seconds .

========================================================================
Received Prepare
Registering precompiled user dll's ...
Registered in 0.002040 seconds.
Begin MonoManager ReloadAssembly
Native extension for WindowsStandalone target not found
Refreshing native plugins compatible for Editor in 0.65 ms, found 0 plugins.
Preloading 0 native plugins for Editor in 0.00 ms.
Warning: Annotation not found!
UnityEngine.StackTraceUtility:ExtractStackTrace ()
UnityEditor.ProBuilder.EditorUtility:SetGizmoIconEnabled (System.Type,bool) (at Library/PackageCache/com.unity.probuilder@4.5.0/Editor/EditorCore/EditorUtility.cs:593)
UnityEditor.ProBuilder.HierarchyListener:.cctor () (at Library/PackageCache/com.unity.probuilder@4.5.0/Editor/EditorCore/HierarchyListener.cs:21)
System.Runtime.CompilerServices.RuntimeHelpers:RunClassConstructor (System.RuntimeTypeHandle)
UnityEditor.EditorAssemblies:ProcessInitializeOnLoadAttributes (System.Type[])

[Library/PackageCache/com.unity.probuilder@4.5.0/Editor/EditorCore/EditorUtility.cs line 593]

Invoked RoslynAnalysisRunner static constructor.
RoslynAnalysisRunner will not be running.
RoslynAnalysisRunner has terminated.
Mono: successfully reloaded assembly
- Completed reload, in  0.940 seconds
Platform modules already initialized, skipping
Shader 'Universal Render Pipeline/Particles/Lit': fallback shader 'Universal Render Pipeline/Particles/SimpleLit' not found
Shader 'Universal Render Pipeline/Particles/Lit': fallback shader 'Universal Render Pipeline/Particles/SimpleLit' not found
Refreshing native plugins compatible for Editor in 0.61 ms, found 0 plugins.
Preloading 0 native plugins for Editor in 0.00 ms.
Unloading 3443 Unused Serialized files (Serialized files now loaded: 0)
System memory in use before: 152.4 MB.
System memory in use after: 149.0 MB.

Unloading 65 unused Assets to reduce memory usage. Loaded Objects now: 3944.
Total: 4.916700 ms (FindLiveObjects: 0.360500 ms CreateObjectMapping: 0.095600 ms MarkObjects: 2.688100 ms  DeleteObjects: 1.771100 ms)

========================================================================
Received Import Request.
  Time since last request: 340.216593 seconds.
  path: Assets/Resources/Prefabs/GameOverDisplay.prefab
  artifactKey: Guid(7b79d09cb3aaebe47922d89e6b1188bc) Importer(815301076,1909f56bfc062723c751e8b465ee728b)
Start importing Assets/Resources/Prefabs/GameOverDisplay.prefab using Guid(7b79d09cb3aaebe47922d89e6b1188bc) Importer(815301076,1909f56bfc062723c751e8b465ee728b)  -> (artifact id: '8ae4731c5171fbb3ac3aaa1cf67a6a9e') in 0.078925 seconds
  Import took 0.085245 seconds .

========================================================================
Received Prepare
Shader 'Universal Render Pipeline/Particles/Lit': fallback shader 'Universal Render Pipeline/Particles/SimpleLit' not found
Shader 'Universal Render Pipeline/Particles/Lit': fallback shader 'Universal Render Pipeline/Particles/SimpleLit' not found
Refreshing native plugins compatible for Editor in 1.79 ms, found 0 plugins.
Preloading 0 native plugins for Editor in 0.00 ms.
Unloading 58 Unused Serialized files (Serialized files now loaded: 0)
System memory in use before: 86.3 MB.
System memory in use after: 82.9 MB.

Unloading 59 unused Assets to reduce memory usage. Loaded Objects now: 3944.
Total: 5.514700 ms (FindLiveObjects: 0.595500 ms CreateObjectMapping: 0.248500 ms MarkObjects: 2.847100 ms  DeleteObjects: 1.821400 ms)

========================================================================
Received Prepare
Registering precompiled user dll's ...
Registered in 0.002058 seconds.
Begin MonoManager ReloadAssembly
Native extension for WindowsStandalone target not found
Refreshing native plugins compatible for Editor in 0.94 ms, found 0 plugins.
Preloading 0 native plugins for Editor in 0.00 ms.
Warning: Annotation not found!
UnityEngine.StackTraceUtility:ExtractStackTrace ()
UnityEditor.ProBuilder.EditorUtility:SetGizmoIconEnabled (System.Type,bool) (at Library/PackageCache/com.unity.probuilder@4.5.0/Editor/EditorCore/EditorUtility.cs:593)
UnityEditor.ProBuilder.HierarchyListener:.cctor () (at Library/PackageCache/com.unity.probuilder@4.5.0/Editor/EditorCore/HierarchyListener.cs:21)
System.Runtime.CompilerServices.RuntimeHelpers:RunClassConstructor (System.RuntimeTypeHandle)
UnityEditor.EditorAssemblies:ProcessInitializeOnLoadAttributes (System.Type[])

[Library/PackageCache/com.unity.probuilder@4.5.0/Editor/EditorCore/EditorUtility.cs line 593]

Invoked RoslynAnalysisRunner static constructor.
RoslynAnalysisRunner will not be running.
RoslynAnalysisRunner has terminated.
Mono: successfully reloaded assembly
- Completed reload, in  1.197 seconds
Platform modules already initialized, skipping
Shader 'Universal Render Pipeline/Particles/Lit': fallback shader 'Universal Render Pipeline/Particles/SimpleLit' not found
Shader 'Universal Render Pipeline/Particles/Lit': fallback shader 'Universal Render Pipeline/Particles/SimpleLit' not found
Refreshing native plugins compatible for Editor in 1.02 ms, found 0 plugins.
Preloading 0 native plugins for Editor in 0.00 ms.
Unloading 3443 Unused Serialized files (Serialized files now loaded: 0)
System memory in use before: 152.7 MB.
System memory in use after: 149.2 MB.

Unloading 64 unused Assets to reduce memory usage. Loaded Objects now: 3947.
Total: 8.197000 ms (FindLiveObjects: 0.462800 ms CreateObjectMapping: 0.129700 ms MarkObjects: 4.903900 ms  DeleteObjects: 2.698500 ms)

AssetImportWorkerClient::OnTransportError - code=2 error=End of file
